[    0.000000] Initializing cgroup subsys cpuset
[    0.000000] Initializing cgroup subsys cpu
[    0.000000] Initializing cgroup subsys cpuacct
[    0.000000] Linux version 4.4.0-177-generic (buildd@lgw01-amd64-035) (gcc version 5.4.0 20160609 (Ubuntu 5.4.0-6ubuntu1~16.04.12) ) #207-Ubuntu SMP Mon Mar 16 01:16:10 UTC 2020 (Ubuntu 4.4.0-177.207-generic 4.4.214)
[    0.000000] Command line: BOOT_IMAGE=/boot/vmlinuz-4.4.0-177-generic root=LABEL=cloudimg-rootfs ro console=tty1 console=ttyS0
[    0.000000] KERNEL supported cpus:
[    0.000000]   Intel GenuineIntel
[    0.000000]   AMD AuthenticAMD
[    0.000000]   Centaur CentaurHauls
[    0.000000] x86/fpu: Legacy x87 FPU detected.
[    0.000000] e820: BIOS-provided physical RAM map:
[    0.000000] BIOS-e820: [mem 0x0000000000000000-0x000000000009fbff] usable
[    0.000000] BIOS-e820: [mem 0x000000000009fc00-0x000000000009ffff] reserved
[    0.000000] BIOS-e820: [mem 0x00000000000f0000-0x00000000000fffff] reserved
[    0.000000] BIOS-e820: [mem 0x0000000000100000-0x000000003ffeffff] usable
[    0.000000] BIOS-e820: [mem 0x000000003fff0000-0x000000003fffffff] ACPI data
[    0.000000] BIOS-e820: [mem 0x00000000fec00000-0x00000000fec00fff] reserved
[    0.000000] BIOS-e820: [mem 0x00000000fee00000-0x00000000fee00fff] reserved
[    0.000000] BIOS-e820: [mem 0x00000000fffc0000-0x00000000ffffffff] reserved
[    0.000000] NX (Execute Disable) protection: active
[    0.000000] SMBIOS 2.5 present.
[    0.000000] Hypervisor detected: KVM
[    0.000000] e820: last_pfn = 0x3fff0 max_arch_pfn = 0x400000000
[    0.000000] MTRR: Disabled
[    0.000000] x86/PAT: MTRRs disabled, skipping PAT initialization too.
[    0.000000] CPU MTRRs all blank - virtualized system.
[    0.000000] x86/PAT: Configuration [0-7]: WB  WT  UC- UC  WB  WT  UC- UC  
[    0.000000] found SMP MP-table at [mem 0x0009fff0-0x0009ffff] mapped at [ffff88000009fff0]
[    0.000000] Scanning 1 areas for low memory corruption
[    0.000000] RAMDISK: [mem 0x362e4000-0x37169fff]
[    0.000000] ACPI: Early table checksum verification disabled
[    0.000000] ACPI: RSDP 0x00000000000E0000 000024 (v02 VBOX  )
[    0.000000] ACPI: XSDT 0x000000003FFF0030 00003C (v01 VBOX   VBOXXSDT 00000001 ASL  00000061)
[    0.000000] ACPI: FACP 0x000000003FFF00F0 0000F4 (v04 VBOX   VBOXFACP 00000001 ASL  00000061)
[    0.000000] ACPI: DSDT 0x000000003FFF0470 002325 (v02 VBOX   VBOXBIOS 00000002 INTL 20100528)
[    0.000000] ACPI: FACS 0x000000003FFF0200 000040
[    0.000000] ACPI: FACS 0x000000003FFF0200 000040
[    0.000000] ACPI: APIC 0x000000003FFF0240 00005C (v02 VBOX   VBOXAPIC 00000001 ASL  00000061)
[    0.000000] ACPI: SSDT 0x000000003FFF02A0 0001CC (v01 VBOX   VBOXCPUT 00000002 INTL 20100528)
[    0.000000] No NUMA configuration found
[    0.000000] Faking a node at [mem 0x0000000000000000-0x000000003ffeffff]
[    0.000000] NODE_DATA(0) allocated [mem 0x3ffeb000-0x3ffeffff]
[    0.000000] kvm-clock: Using msrs 4b564d01 and 4b564d00
[    0.000000] kvm-clock: cpu 0, msr 0:3ffe3001, primary cpu clock
[    0.000000] kvm-clock: using sched offset of 8757250950 cycles
[    0.000000] clocksource: kvm-clock: mask: 0xffffffffffffffff max_cycles: 0x1cd42e4dffb, max_idle_ns: 881590591483 ns
[    0.000000] Zone ranges:
[    0.000000]   DMA      [mem 0x0000000000001000-0x0000000000ffffff]
[    0.000000]   DMA32    [mem 0x0000000001000000-0x000000003ffeffff]
[    0.000000]   Normal   empty
[    0.000000]   Device   empty
[    0.000000] Movable zone start for each node
[    0.000000] Early memory node ranges
[    0.000000]   node   0: [mem 0x0000000000001000-0x000000000009efff]
[    0.000000]   node   0: [mem 0x0000000000100000-0x000000003ffeffff]
[    0.000000] Initmem setup node 0 [mem 0x0000000000001000-0x000000003ffeffff]
[    0.000000] ACPI: PM-Timer IO Port: 0x4008
[    0.000000] IOAPIC[0]: apic_id 2, version 32, address 0xfec00000, GSI 0-23
[    0.000000] ACPI: INT_SRC_OVR (bus 0 bus_irq 0 global_irq 2 dfl dfl)
[    0.000000] ACPI: INT_SRC_OVR (bus 0 bus_irq 9 global_irq 9 low level)
[    0.000000] Using ACPI (MADT) for SMP configuration information
[    0.000000] smpboot: Allowing 2 CPUs, 0 hotplug CPUs
[    0.000000] PM: Registered nosave memory: [mem 0x00000000-0x00000fff]
[    0.000000] PM: Registered nosave memory: [mem 0x0009f000-0x0009ffff]
[    0.000000] PM: Registered nosave memory: [mem 0x000a0000-0x000effff]
[    0.000000] PM: Registered nosave memory: [mem 0x000f0000-0x000fffff]
[    0.000000] e820: [mem 0x40000000-0xfebfffff] available for PCI devices
[    0.000000] Booting paravirtualized kernel on KVM
[    0.000000] clocksource: refined-jiffies: mask: 0xffffffff max_cycles: 0xffffffff, max_idle_ns: 7645519600211568 ns
[    0.000000] setup_percpu: NR_CPUS:512 nr_cpumask_bits:512 nr_cpu_ids:2 nr_node_ids:1
[    0.000000] PERCPU: Embedded 33 pages/cpu @ffff88003fc00000 s95448 r8192 d31528 u1048576
[    0.000000] Built 1 zonelists in Node order, mobility grouping on.  Total pages: 257912
[    0.000000] Policy zone: DMA32
[    0.000000] Kernel command line: BOOT_IMAGE=/boot/vmlinuz-4.4.0-177-generic root=LABEL=cloudimg-rootfs ro console=tty1 console=ttyS0
[    0.000000] PID hash table entries: 4096 (order: 3, 32768 bytes)
[    0.000000] Memory: 997680K/1048120K available (8626K kernel code, 1336K rwdata, 4036K rodata, 1488K init, 1292K bss, 50440K reserved, 0K cma-reserved)
[    0.000000] SLUB: HWalign=64, Order=0-3, MinObjects=0, CPUs=2, Nodes=1
[    0.000000] Kernel/User page tables isolation: enabled
[    0.000000] Hierarchical RCU implementation.
[    0.000000] 	Build-time adjustment of leaf fanout to 64.
[    0.000000] 	RCU restricting CPUs from NR_CPUS=512 to nr_cpu_ids=2.
[    0.000000] RCU: Adjusting geometry for rcu_fanout_leaf=64, nr_cpu_ids=2
[    0.000000] NR_IRQS:33024 nr_irqs:440 16
[    0.000000] Console: colour VGA+ 80x25
[    0.000000] console [tty1] enabled
[    0.000000] console [ttyS0] enabled
[    0.000000] tsc: Detected 2807.998 MHz processor
[    1.788575] Calibrating delay loop (skipped) preset value.. 5615.99 BogoMIPS (lpj=11231992)
[    1.808308] pid_max: default: 32768 minimum: 301
[    1.818893] ACPI: Core revision 20150930
[    1.833477] ACPI: 2 ACPI AML tables successfully acquired and loaded
[    1.852827] Security Framework initialized
[    1.863330] Yama: becoming mindful.
[    1.871795] AppArmor: AppArmor initialized
[    1.882175] Dentry cache hash table entries: 131072 (order: 8, 1048576 bytes)
[    1.911016] Inode-cache hash table entries: 65536 (order: 7, 524288 bytes)
[    1.933117] Mount-cache hash table entries: 2048 (order: 2, 16384 bytes)
[    1.950764] Mountpoint-cache hash table entries: 2048 (order: 2, 16384 bytes)
[    1.977168] Initializing cgroup subsys io
[    1.988510] Initializing cgroup subsys memory
[    2.000224] Initializing cgroup subsys devices
[    2.011646] Initializing cgroup subsys freezer
[    2.023510] Initializing cgroup subsys net_cls
[    2.034662] Initializing cgroup subsys perf_event
[    2.045575] Initializing cgroup subsys net_prio
[    2.058635] Initializing cgroup subsys hugetlb
[    2.069003] Initializing cgroup subsys pids
[    2.082242] mce: CPU supports 0 MCE banks
[    2.091688] Last level iTLB entries: 4KB 64, 2MB 8, 4MB 8
[    2.107372] Last level dTLB entries: 4KB 64, 2MB 0, 4MB 0, 1GB 4
[    2.122366] Spectre V1 : Mitigation: usercopy/swapgs barriers and __user pointer sanitization
[    2.142389] Spectre V2 : Mitigation: Full generic retpoline
[    2.155201] Spectre V2 : Spectre v2 / SpectreRSB mitigation: Filling RSB on context switch
[    2.174770] Speculative Store Bypass: Vulnerable
[    2.186899] MDS: Vulnerable: Clear CPU buffers attempted, no microcode
[    2.266499] Freeing SMP alternatives memory: 36K
[    2.412082] ftrace: allocating 32304 entries in 127 pages
[    3.779787] smpboot: APIC(0) Converting physical 0 to logical package 0
[    3.792292] smpboot: Max logical packages: 1
[    3.832251] ..TIMER: vector=0x30 apic1=0 pin1=2 apic2=-1 pin2=-1
[    3.952559] smpboot: CPU0: Intel(R) Core(TM) i7-7700HQ CPU @ 2.80GHz (family: 0x6, model: 0x9e, stepping: 0x9)
[    3.981328] Performance Events: unsupported p6 CPU model 158 no PMU driver, software events only.
[    4.226995] KVM setup paravirtual spinlock
[    4.257178] x86: Booting SMP configuration:
[    4.272939] .... node  #0, CPUs:      #1
[    4.294477] kvm-clock: cpu 1, msr 0:3ffe3041, secondary cpu clock
[    4.308900] mce: CPU supports 0 MCE banks
[    4.316298] TSC synchronization [CPU#0 -> CPU#1]:
[    4.331351] Measured 176718 cycles TSC warp between CPUs, turning off TSC clock.
[    4.355305] tsc: Marking TSC unstable due to check_tsc_sync_source failed
[    4.389047] x86: Booted up 1 node, 2 CPUs
[    4.405612] smpboot: Total of 2 processors activated (11231.99 BogoMIPS)
[    0.940326] devtmpfs: initialized
[    0.960368] evm: security.selinux
[    0.964013] evm: security.SMACK64
[    0.968012] evm: security.SMACK64EXEC
[    0.972011] evm: security.SMACK64TRANSMUTE
[    0.976011] evm: security.SMACK64MMAP
[    0.980014] evm: security.ima
[    0.984011] evm: security.capability
[    0.992467] clocksource: jiffies: mask: 0xffffffff max_cycles: 0xffffffff, max_idle_ns: 7645041785100000 ns
[    0.996157] futex hash table entries: 512 (order: 3, 32768 bytes)
[    1.004479] pinctrl core: initialized pinctrl subsystem
[    1.008869] RTC time: 18:44:23, date: 04/19/20
[    1.016737] NET: Registered protocol family 16
[    1.036028] cpuidle: using governor ladder
[    1.052050] cpuidle: using governor menu
[    1.056029] PCCT header not found.
[    1.060286] ACPI: bus type PCI registered
[    1.068019] acpiphp: ACPI Hot Plug PCI Controller Driver version: 0.5
[    1.073236] PCI: Using configuration type 1 for base access
[    1.125298] ACPI: Added _OSI(Module Device)
[    1.128036] ACPI: Added _OSI(Processor Device)
[    1.132013] ACPI: Added _OSI(3.0 _SCP Extensions)
[    1.136012] ACPI: Added _OSI(Processor Aggregator Device)
[    1.144885] ACPI: Executed 1 blocks of module-level executable AML code
[    1.161844] ACPI: Interpreter enabled
[    1.164030] ACPI: (supports S0 S5)
[    1.168008] ACPI: Using IOAPIC for interrupt routing
[    1.172803] PCI: Using host bridge windows from ACPI; if necessary, use "pci=nocrs" and report a bug
[    1.192499] ACPI: PCI Root Bridge [PCI0] (domain 0000 [bus 00-ff])
[    1.196019] acpi PNP0A03:00: _OSC: OS supports [ASPM ClockPM Segments MSI]
[    1.201760] acpi PNP0A03:00: _OSC: not requesting OS control; OS requires [ExtendedConfig ASPM ClockPM MSI]
[    1.204039] acpi PNP0A03:00: fail to add MMCONFIG information, can't access extended PCI configuration space under this bridge.
[    1.209576] PCI host bridge to bus 0000:00
[    1.212013] pci_bus 0000:00: root bus resource [io  0x0000-0x0cf7 window]
[    1.216015] pci_bus 0000:00: root bus resource [io  0x0d00-0xffff window]
[    1.220014] pci_bus 0000:00: root bus resource [mem 0x000a0000-0x000bffff window]
[    1.224020] pci_bus 0000:00: root bus resource [mem 0x40000000-0xfdffffff window]
[    1.228023] pci_bus 0000:00: root bus resource [bus 00-ff]
[    1.247615] pci 0000:00:01.1: legacy IDE quirk: reg 0x10: [io  0x01f0-0x01f7]
[    1.248018] pci 0000:00:01.1: legacy IDE quirk: reg 0x14: [io  0x03f6]
[    1.252087] pci 0000:00:01.1: legacy IDE quirk: reg 0x18: [io  0x0170-0x0177]
[    1.256027] pci 0000:00:01.1: legacy IDE quirk: reg 0x1c: [io  0x0376]
[    1.380934] pci 0000:00:07.0: quirk: [io  0x4000-0x403f] claimed by PIIX4 ACPI
[    1.384095] pci 0000:00:07.0: quirk: [io  0x4100-0x410f] claimed by PIIX4 SMB
[    1.432950] ACPI: PCI Interrupt Link [LNKA] (IRQs 5 9 10 *11)
[    1.469055] ACPI: PCI Interrupt Link [LNKB] (IRQs 5 9 *10 11)
[    1.500693] ACPI: PCI Interrupt Link [LNKC] (IRQs 5 *9 10 11)
[    1.648609] ACPI: PCI Interrupt Link [LNKD] (IRQs 5 9 10 *11)
[    1.804967] ACPI: Enabled 2 GPEs in block 00 to 07
[    1.904799] vgaarb: setting as boot device: PCI:0000:00:02.0
[    1.908000] vgaarb: device added: PCI:0000:00:02.0,decodes=io+mem,owns=io+mem,locks=none
[    2.008023] vgaarb: loaded
[    2.020014] vgaarb: bridge control possible 0000:00:02.0
[    2.044599] SCSI subsystem initialized
[    2.060423] ACPI: bus type USB registered
[    2.076717] usbcore: registered new interface driver usbfs
[    2.096073] usbcore: registered new interface driver hub
[    2.116519] usbcore: registered new device driver usb
[    2.141489] PCI: Using ACPI for IRQ routing
[    2.160006] NetLabel: Initializing
[    2.176013] NetLabel:  domain hash size = 128
[    2.192012] NetLabel:  protocols = UNLABELED CIPSOv4
[    2.216061] NetLabel:  unlabeled traffic allowed by default
[    2.236204] amd_nb: Cannot enumerate AMD northbridges
[    2.256798] clocksource: Switched to clocksource kvm-clock
[    2.429071] AppArmor: AppArmor Filesystem Enabled
[    2.444912] pnp: PnP ACPI init
[    2.461073] pnp: PnP ACPI: found 3 devices
[    2.595146] clocksource: acpi_pm: mask: 0xffffff max_cycles: 0xffffff, max_idle_ns: 2085701024 ns
[    2.622731] NET: Registered protocol family 2
[    2.639265] TCP established hash table entries: 8192 (order: 4, 65536 bytes)
[    2.661689] TCP bind hash table entries: 8192 (order: 5, 131072 bytes)
[    2.684535] TCP: Hash tables configured (established 8192 bind 8192)
[    2.707411] UDP hash table entries: 512 (order: 2, 16384 bytes)
[    2.725876] UDP-Lite hash table entries: 512 (order: 2, 16384 bytes)
[    2.744931] NET: Registered protocol family 1
[    2.764640] pci 0000:00:00.0: Limiting direct PCI/PCI transfers
[    2.786565] pci 0000:00:01.0: Activating ISA DMA hang workarounds
[    2.815451] Unpacking initramfs...
[    4.405992] Freeing initrd memory: 14872K
[    4.419491] clocksource: tsc: mask: 0xffffffffffffffff max_cycles: 0x2879c456dd4, max_idle_ns: 440795285767 ns
[    4.449660] platform rtc_cmos: registered platform RTC device (no PNP device found)
[    4.471181] Scanning for low memory corruption every 60 seconds
[    4.491817] audit: initializing netlink subsys (disabled)
[    4.508976] audit: type=2000 audit(1587321874.078:1): initialized
[    4.529555] Initialise system trusted keyring
[    4.547385] HugeTLB registered 2 MB page size, pre-allocated 0 pages
[    4.583572] zbud: loaded
[    4.601619] VFS: Disk quotas dquot_6.6.0
[    4.617297] VFS: Dquot-cache hash table entries: 512 (order 0, 4096 bytes)
[    4.646517] squashfs: version 4.0 (2009/01/31) Phillip Lougher
[    4.679488] fuse init (API version 7.23)
[    4.695237] Key type big_key registered
[    4.708707] Allocating IMA MOK and blacklist keyrings.
[    4.776967] Key type asymmetric registered
[    4.793848] Asymmetric key parser 'x509' registered
[    4.817295] Block layer SCSI generic (bsg) driver version 0.4 loaded (major 249)
[    4.849756] io scheduler noop registered
[    4.865423] io scheduler deadline registered (default)
[    4.883011] io scheduler cfq registered
[    4.899722] pci_hotplug: PCI Hot Plug PCI Core version: 0.5
[    4.919819] pciehp: PCI Express Hot Plug Controller Driver version: 0.4
[    4.942038] ACPI: AC Adapter [AC] (off-line)
[    4.957416] input: Power Button as /devices/LNXSYSTM:00/LNXPWRBN:00/input/input0
[    4.984720] ACPI: Power Button [PWRF]
[    4.995572] input: Sleep Button as /devices/LNXSYSTM:00/LNXSLPBN:00/input/input1
[    5.022058] ACPI: Sleep Button [SLPF]
[    5.036657] GHES: HEST is not enabled!
[    5.039675] ACPI: Battery Slot [BAT0] (battery present)
[    5.065666] Serial: 8250/16550 driver, 32 ports, IRQ sharing enabled
[    5.157825] 00:02: ttyS0 at I/O 0x3f8 (irq = 4, base_baud = 115200) is a 16550A
[    5.193618] Linux agpgart interface v0.103
[    5.257506] loop: module loaded
[    5.283992] scsi host0: ata_piix
[    5.302376] scsi host1: ata_piix
[    5.320422] ata1: PATA max UDMA/33 cmd 0x1f0 ctl 0x3f6 bmdma 0xd000 irq 14
[    5.348736] ata2: PATA max UDMA/33 cmd 0x170 ctl 0x376 bmdma 0xd008 irq 15
[    5.375517] libphy: Fixed MDIO Bus: probed
[    5.395602] tun: Universal TUN/TAP device driver, 1.6
[    5.416705] tun: (C) 1999-2004 Max Krasnyansky <maxk@qualcomm.com>
[    5.438356] PPP generic driver version 2.4.2
[    5.454914] ehci_hcd: USB 2.0 'Enhanced' Host Controller (EHCI) Driver
[    5.475852] ehci-pci: EHCI PCI platform driver
[    5.494048] ehci-platform: EHCI generic platform driver
[    5.497796] ohci_hcd: USB 1.1 'Open' Host Controller (OHCI) Driver
[    5.497796] ohci-pci: OHCI PCI platform driver
[    5.497796] ohci-platform: OHCI generic platform driver
[    5.552321] uhci_hcd: USB Universal Host Controller Interface driver
[    5.556092] i8042: PNP: PS/2 Controller [PNP0303:PS2K,PNP0f03:PS2M] at 0x60,0x64 irq 1,12
[    5.726444] serio: i8042 KBD port at 0x60,0x64 irq 1
[    5.742568] serio: i8042 AUX port at 0x60,0x64 irq 12
[    5.759693] mousedev: PS/2 mouse device common for all mice
[    5.792049] input: AT Translated Set 2 keyboard as /devices/platform/i8042/serio0/input/input2
[    5.822671] rtc_cmos rtc_cmos: rtc core: registered rtc_cmos as rtc0
[    5.844272] rtc_cmos rtc_cmos: alarms up to one day, 114 bytes nvram
[    5.865106] i2c /dev entries driver
[    5.868765] device-mapper: uevent: version 1.0.3
[    5.889102] device-mapper: ioctl: 4.34.0-ioctl (2015-10-28) initialised: dm-devel@redhat.com
[    5.914299] ledtrig-cpu: registered to indicate activity on CPUs
[    5.940737] NET: Registered protocol family 10
[    5.955095] NET: Registered protocol family 17
[    5.967089] Key type dns_resolver registered
[    5.985079] registered taskstats version 1
[    5.995273] Loading compiled-in X.509 certificates
[    5.999112] Loaded X.509 cert 'Build time autogenerated kernel key: a048edf52b07f04005c7780de0f875c713550332'
[    5.999112] zswap: loaded using pool lzo/zbud
[    6.045413] Key type trusted registered
[    6.071425] Key type encrypted registered
[    6.081425] AppArmor: AppArmor sha1 policy hashing enabled
[    6.092959] ima: No TPM chip found, activating TPM-bypass!
[    6.104373] ima: Allocated hash algorithm: sha1
[    6.113698] evm: HMAC attrs: 0x1
[    6.123989]   Magic number: 0:11:747
[    6.132289] rtc_cmos rtc_cmos: setting system clock to 2020-04-19 18:44:29 UTC (1587321869)
[    6.151544] BIOS EDD facility v0.16 2004-Jun-25, 0 devices found
[    6.166122] EDD information not available.
[    6.179348] Freeing unused kernel memory: 1488K
[    6.190488] Write protecting the kernel read-only data: 14336k
[    6.205107] Freeing unused kernel memory: 1604K
[    6.216318] Freeing unused kernel memory: 60K
Loading, please wait...
starting version 229
[    6.293845] random: systemd-udevd: uninitialized urandom read (16 bytes read, 6 bits of entropy available)
[    6.296999] random: udevadm: uninitialized urandom read (16 bytes read, 6 bits of entropy available)
[    6.297079] random: udevadm: uninitialized urandom read (16 bytes read, 6 bits of entropy available)
[    6.382118] random: udevadm: uninitialized urandom read (16 bytes read, 6 bits of entropy available)
[    6.382332] random: udevadm: uninitialized urandom read (16 bytes read, 6 bits of entropy available)
[    6.383431] random: udevadm: uninitialized urandom read (16 bytes read, 6 bits of entropy available)
[    6.383687] random: udevadm: uninitialized urandom read (16 bytes read, 6 bits of entropy available)
[    6.384020] random: udevadm: uninitialized urandom read (16 bytes read, 6 bits of entropy available)
[    6.385071] random: udevadm: uninitialized urandom read (16 bytes read, 6 bits of entropy available)
[    6.385330] random: udevadm: uninitialized urandom read (16 bytes read, 6 bits of entropy available)
[    6.920624] Fusion MPT base driver 3.04.20
[    6.934538] Copyright (c) 1999-2008 LSI Corporation
[    6.958451] e1000: Intel(R) PRO/1000 Network Driver - version 7.3.21-k8-NAPI
[    6.978998] e1000: Copyright (c) 1999-2006 Intel Corporation.
[    7.144797] Fusion MPT SPI Host driver 3.04.20
[    7.484010] input: ImExPS/2 Generic Explorer Mouse as /devices/platform/i8042/serio1/input/input4
[    9.155435] e1000 0000:00:03.0 eth0: (PCI:33MHz:32-bit) 02:f4:cb:fd:67:72
[    9.184286] e1000 0000:00:03.0 eth0: Intel(R) PRO/1000 Network Connection
[    9.222821] mptbase: ioc0: Initiating bringup
[    9.222872] e1000 0000:00:03.0 enp0s3: renamed from eth0
[    9.354680] ioc0: LSI53C1030 A0: Capabilities={Initiator}
[    9.617901] scsi host2: ioc0: LSI53C1030 A0, FwRev=00000000h, Ports=1, MaxQ=256, IRQ=20
[    9.768860] scsi 2:0:0:0: Direct-Access     VBOX     HARDDISK         1.0  PQ: 0 ANSI: 5
[    9.798013] scsi target2:0:0: Beginning Domain Validation
[    9.841760] scsi target2:0:0: Domain Validation skipping write tests
[    9.861341] scsi target2:0:0: Ending Domain Validation
[    9.877748] scsi target2:0:0: asynchronous
[    9.902346] scsi 2:0:1:0: Direct-Access     VBOX     HARDDISK         1.0  PQ: 0 ANSI: 5
[    9.925258] scsi target2:0:1: Beginning Domain Validation
[    9.974464] scsi target2:0:1: Domain Validation skipping write tests
[    9.993052] scsi target2:0:1: Ending Domain Validation
[   10.005378] scsi target2:0:1: asynchronous
[   10.114268] sd 2:0:0:0: Attached scsi generic sg0 type 0
[   10.132007] sd 2:0:0:0: [sda] 20971520 512-byte logical blocks: (10.7 GB/10.0 GiB)
[   10.158246] sd 2:0:1:0: Attached scsi generic sg1 type 0
[   10.160841] sd 2:0:1:0: [sdb] 20480 512-byte logical blocks: (10.5 MB/10.0 MiB)
[   10.165955] sd 2:0:1:0: [sdb] Write Protect is off
[   10.169410] sd 2:0:1:0: [sdb] Incomplete mode parameter data
[   10.169416] sd 2:0:1:0: [sdb] Assuming drive cache: write through
[   10.173048] sd 2:0:0:0: [sda] Write Protect is off
[   10.174788] sd 2:0:0:0: [sda] Incomplete mode parameter data
[   10.174793] sd 2:0:0:0: [sda] Assuming drive cache: write through
[   10.211232]  sda: sda1
[   10.237736] sd 2:0:1:0: [sdb] Attached SCSI disk
[   10.240077] sd 2:0:0:0: [sda] Attached SCSI disk
Begin: Loading essential drivers ... [   13.762752] md: linear personality registered for level -1
[   13.804769] md: multipath personality registered for level -4
[   13.840799] md: raid0 personality registered for level 0
[   13.925013] md: raid1 personality registered for level 1
[   14.053113] raid6: sse2x1   gen()  1615 MB/s
[   14.136949] raid6: sse2x1   xor()  1541 MB/s
[   14.216679] raid6: sse2x2   gen()  2852 MB/s
[   14.300722] raid6: sse2x2   xor()  2395 MB/s
[   14.376739] raid6: sse2x4   gen()  3701 MB/s
[   14.456578] raid6: sse2x4   xor()  2364 MB/s
[   14.470661] raid6: using algorithm sse2x4 gen() 3701 MB/s
[   14.489529] raid6: .... xor() 2364 MB/s, rmw enabled
[   14.505225] raid6: using ssse3x2 recovery algorithm
[   14.527144] xor: measuring software checksum speed
[   14.580653]    prefetch64-sse:  4404.000 MB/sec
[   14.633045]    generic_sse:  5078.000 MB/sec
[   14.643955] xor: using function: generic_sse (5078.000 MB/sec)
[   14.671845] async_tx: api initialized (async)
[   14.802305] md: raid6 personality registered for level 6
[   14.816355] md: raid5 personality registered for level 5
[   14.828676] md: raid4 personality registered for level 4
[   14.895797] md: raid10 personality registered for level 10
done.
Begin: Running /scripts/init-premount ... done.
Begin: Mounting root file system ... Begin: Running /scripts/local-top ... done.
Begin: Running /scripts/local-premount ... [   15.093658] Btrfs loaded
Scanning for Btrfs filesystems
done.
Warning: fsck not present, so skipping root file system
[   15.355488] EXT4-fs (sda1): mounted filesystem with ordered data mode. Opts: (null)
done.
Begin: Running /scripts/local-bottom ... done.
Begin: Running /scripts/init-bottom ... done.
[   15.962042] random: nonblocking pool is initialized
[   16.383936] systemd[1]: systemd 229 running in system mode. (+PAM +AUDIT +SELINUX +IMA +APPARMOR +SMACK +SYSVINIT +UTMP +LIBCRYPTSETUP +GCRYPT +GNUTLS +ACL +XZ -LZ4 +SECCOMP +BLKID +ELFUTILS +KMOD -IDN)
[   16.424895] systemd[1]: Detected virtualization oracle.
[   16.428660] systemd[1]: Detected architecture x86-64.

Welcome to [1mUbuntu 16.04.6 LTS[0m!

[   16.501486] systemd[1]: Set hostname to <ubuntu>.
[   16.535515] systemd[1]: Initializing machine ID from random generator.
[   16.553185] systemd[1]: Installed transient /etc/machine-id file.
[   17.588971] systemd[1]: Listening on /dev/initctl Compatibility Named Pipe.
[[0;32m  OK  [0m] Listening on /dev/initctl Compatibility Named Pipe.
[   17.610563] systemd[1]: Listening on Syslog Socket.
[[0;32m  OK  [0m] Listening on Syslog Socket.
[   17.629654] systemd[1]: Reached target Swap.
[[0;32m  OK  [0m] Reached target Swap.
[   17.646866] systemd[1]: Started Forward Password Requests to Wall Directory Watch.
[[0;32m  OK  [0m] Started Forward Password Requests to Wall Directory Watch.
[   17.677322] systemd[1]: Listening on Journal Audit Socket.
[[0;32m  OK  [0m] Listening on Journal Audit Socket.
[   17.700489] systemd[1]: Reached target System Time Synchronized.
[[0;32m  OK  [0m] Reached target System Time Synchronized.
[   17.726194] systemd[1]: Set up automount Arbitrary Executable File Formats File System Automount Point.
[[0;32m  OK  [0m] Set up automount Arbitrary Executab...ats File System Automount Point.
[   17.766900] systemd[1]: Listening on Journal Socket.
[[0;32m  OK  [0m] Listening on Journal Socket.
[   17.789825] systemd[1]: Started Trigger resolvconf update for networkd DNS.
[[0;32m  OK  [0m] Started Trigger resolvconf update for networkd DNS.
[   17.817934] systemd[1]: Listening on udev Control Socket.
[[0;32m  OK  [0m] Listening on udev Control Socket.
[   17.840492] systemd[1]: Listening on LVM2 poll daemon socket.
[[0;32m  OK  [0m] Listening on LVM2 poll daemon socket.
[   17.862417] systemd[1]: Listening on udev Kernel Socket.
[[0;32m  OK  [0m] Listening on udev Kernel Socket.
[   17.884390] systemd[1]: Listening on Device-mapper event daemon FIFOs.
[[0;32m  OK  [0m] Listening on Device-mapper event daemon FIFOs.
[   17.907547] systemd[1]: Listening on Journal Socket (/dev/log).
[[0;32m  OK  [0m] Listening on Journal Socket (/dev/log).
[   17.928705] systemd[1]: Reached target User and Group Name Lookups.
[[0;32m  OK  [0m] Reached target User and Group Name Lookups.
[   17.951153] systemd[1]: Created slice System Slice.
[[0;32m  OK  [0m] Created slice System Slice.
[   18.084967] systemd[1]: Starting Load Kernel Modules...
         Starting Load Kernel Modules...
[   18.105347] systemd[1]: Mounting Debug File System...
         Mounting Debug File System...
[   18.141511] systemd[1]: Starting Remount Root and Kernel File Systems...
         Starting Remount Root and Kernel File Systems...
[   18.168838] systemd[1]: Starting Create list of required static device nodes for the current kernel...
[   18.181796] EXT4-fs (sda1): re-mounted. Opts: (null)
         Starting Create list of required st... nodes for the current kernel...
[   18.214461] systemd[1]: Starting Journal Service...
         Starting Journal Service...
[   18.239087] systemd[1]: Mounting Huge Pages File System...
[   18.257737] Loading iSCSI transport class v2.0-870.
         Mounting Huge Pages File System...
[   18.293152] systemd[1]: Mounting POSIX Message Queue File System...
         Mounting POSIX Message Queue File System...
[   18.332985] systemd[1]: Starting Set console keymap...
         Starting Set console keymap...
[   18.395157] iscsi: registered transport (tcp)
[   18.414528] systemd[1]: Starting Nameserver information manager...
         Starting Nameserver information manager...
[   18.455664] systemd[1]: Starting Uncomplicated firewall...
         Starting Uncomplicated firewall...
[   18.493418] systemd[1]: Created slice User and Session Slice.
[[0;32m  OK  [0m] Created slice User and Session Slice.
[   18.519526] systemd[1]: Listening on LVM2 metadata daemon socket.
[[0;32m  OK  [0m] Listening on LVM2 metadata daemon socket.
[   18.584281] systemd[1]: Starting Monitoring of LVM2 mirrors, snapshots etc. using dmeventd or progress polling...
         Starting Monitoring of LVM2 mirrors... dmeventd or progress polling...
[   18.656493] systemd[1]: Reached target Encrypted Volumes.
[[0;32m  OK  [0m] Reached target Encrypted Volumes.
[   18.693908] systemd[1]: Created slice system-serial\x2dgetty.slice.
[[0;32m  OK  [0m] Created slice system-serial\x2dgetty.slice.
[   18.742996] systemd[1]: Reached target Slices.
[[0;32m  OK  [0m] Reached target Slices.
[   18.813654] systemd[1]: Mounted Debug File System.
[[0;32m  OK  [0m] Mounted Debug File System.
[   18.878204] systemd[1]: Mounted POSIX Message Queue File System.
[[0;32m  OK  [0m] Mounted POSIX Message Queue File System.
[   18.935809] systemd[1]: Mounted Huge Pages File System.
[[0;32m  OK  [0m] Mounted Huge Pages File System.
[   18.983066] systemd[1]: Started Journal Service.
[[0;32m  OK  [0m] Started Journal Service.[   19.018343] iscsi: registered transport (iser)

[[0;32m  OK  [0m] Started Remount Root and Kernel File Systems.
[[0;32m  OK  [0m] Started Load Kernel Modules.
[[0;32m  OK  [0m] Started Create list of required sta...ce nodes for the current kernel.
[[0;32m  OK  [0m] Started Set console keymap.
[[0;32m  OK  [0m] Started Uncomplicated firewall.
[[0;32m  OK  [0m] Started Nameserver information manager.
[[0;32m  OK  [0m] Started LVM2 metadata daemon.
         Starting Create Static Device Nodes in /dev...
         Starting Apply Kernel Variables...
         Mounting FUSE Control File System...
         Starting Load/Save Random Seed...
         Starting udev Coldplug all Devices...
         Starting Flush Journal to Persistent Storage...
[[0;32m  OK  [0m] Mounted FUSE Control File System.
[[0;32m  OK  [0m] Started Load/Save Random Seed.
[[0;32m  OK  [0m] Started Apply Kernel Variables.
[[0;32m  OK  [0m] Started Flush Journal to Persistent Storage.
[[0;32m  OK  [0m] Started Create Static Device Nodes in /dev.
         Starting udev Kernel Device Manager...
[[0;32m  OK  [0m] Started udev Coldplug all Devices.
[[0;32m  OK  [0m] Started Monitoring of LVM2 mirrors,...ng dmeventd or progress polling.
[[0;32m  OK  [0m] Reached target Local File Systems (Pre).
[[0;32m  OK  [0m] Reached target Local File Systems.
         Starting Set console font and keymap...
         Starting Create Volatile Files and Directories...
         Starting Tell Plymouth To Write Out Runtime Data...
         Starting Initial cloud-init job (pre-networking)...
         Starting LSB: AppArmor initialization...
         Starting Commit a transient machine-id on disk...
[[0;32m  OK  [0m] Started Tell Plymouth To Write Out Runtime Data.
[[0;32m  OK  [0m] Started Create Volatile Files and Directories.
         Starting Update UTMP about System Boot/Shutdown...
[[0;32m  OK  [0m] Started Commit a transient machine-id on disk.
[[0;32m  OK  [0m] Started Update UTMP about System Boot/Shutdown.
[[0;32m  OK  [0m] Started udev Kernel Device Manager.
[[0;32m  OK  [0m] Started Dispatch Password Requests to Console Directory Watch.
[[0;32m  OK  [0m] Found device /dev/ttyS0.
[[0;32m  OK  [0m] Listening on Load/Save RF Kill Switch Status /dev/rfkill Watch.
[[0;32m  OK  [0m] Started LSB: AppArmor initialization.
[   28.989781] cloud-init[467]: Cloud-init v. 19.4-33-gbb4131a2-0ubuntu1~16.04.1 running 'init-local' at Sun, 19 Apr 2020 18:44:51 +0000. Up 27.87 seconds.
[[0;32m  OK  [0m] Started Initial cloud-init job (pre-networking).
[[0;32m  OK  [0m] Reached target Network (Pre).
         Starting Raise network interfaces...
[[0;32m  OK  [0m] Started Set console font and keymap.
[[0;32m  OK  [0m] Created slice system-getty.slice.
[[0;32m  OK  [0m] Started Raise network interfaces.
         Starting Initial cloud-init job (metadata service crawler)...
[[0;32m  OK  [0m] Reached target Network.
[   38.664896] cloud-init[937]: Cloud-init v. 19.4-33-gbb4131a2-0ubuntu1~16.04.1 running 'init' at Sun, 19 Apr 2020 18:44:57 +0000. Up 34.43 seconds.
[   38.695529] cloud-init[937]: ci-info: ++++++++++++++++++++++++++++++++++++++Net device info++++++++++++++++++++++++++++++++++++++
[   38.720227] cloud-init[937]: ci-info: +--------+------+----------------------------+---------------+--------+-------------------+
[   38.747367] cloud-init[937]: ci-info: | Device |  Up  |          Address           |      Mask     | Scope  |     Hw-Address    |
[   38.778619] cloud-init[937]: ci-info: +--------+------+----------------------------+---------------+--------+-------------------+
[   38.803775] cloud-init[937]: ci-info: | enp0s3 | True |         10.0.2.15          | 255.255.255.0 | global | 02:f4:cb:fd:67:72 |
[   38.830583] cloud-init[937]: ci-info: | enp0s3 | True | fe80::f4:cbff:fefd:6772/64 |       .       |  link  | 02:f4:cb:fd:67:72 |
[   38.859370] cloud-init[937]: ci-info: |   lo   | True |         127.0.0.1          |   255.0.0.0   |  host  |         .         |
[   38.881758] cloud-init[937]: ci-info: |   lo   | True |          ::1/128           |       .       |  host  |         .         |
[   38.903866] cloud-init[937]: ci-info: +--------+------+----------------------------+---------------+--------+-------------------+
[   38.923608] cloud-init[937]: ci-info: +++++++++++++++++++++++++++Route IPv4 info++++++++++++++++++++++++++++
[   38.942998] cloud-init[937]: ci-info: +-------+-------------+----------+---------------+-----------+-------+
[   38.960420] cloud-init[937]: ci-info: | Route | Destination | Gateway  |    Genmask    | Interface | Flags |
[   38.981833] cloud-init[937]: ci-info: +-------+-------------+----------+---------------+-----------+-------+
[   39.001906] cloud-init[937]: ci-info: |   0   |   0.0.0.0   | 10.0.2.2 |    0.0.0.0    |   enp0s3  |   UG  |
[   39.019893] cloud-init[937]: ci-info: |   1   |   10.0.2.0  | 0.0.0.0  | 255.255.255.0 |   enp0s3  |   U   |
[   39.038784] cloud-init[937]: ci-info: +-------+-------------+----------+---------------+-----------+-------+
[   39.061260] cloud-init[937]: ci-info: +++++++++++++++++++Route IPv6 info+++++++++++++++++++
[   39.083514] cloud-init[937]: ci-info: +-------+-------------+---------+-----------+-------+
[   39.103514] cloud-init[937]: ci-info: | Route | Destination | Gateway | Interface | Flags |
[   39.121314] cloud-init[937]: ci-info: +-------+-------------+---------+-----------+-------+
[   39.141880] cloud-init[937]: ci-info: |   0   |  fe80::/64  |    ::   |   enp0s3  |   U   |
[   39.163501] cloud-init[937]: ci-info: |   4   |   ff00::/8  |    ::   |   enp0s3  |   U   |
[   39.181544] cloud-init[937]: ci-info: +-------+-------------+---------+-----------+-------+
[   39.201296] cloud-init[937]: Generating public/private rsa key pair.
[   39.216088] cloud-init[937]: Your identification has been saved in /etc/ssh/ssh_host_rsa_key.
[   39.242462] cloud-init[937]: Your public key has been saved in /etc/ssh/ssh_host_rsa_key.pub.
[   39.260934] cloud-init[937]: The key fingerprint is:
[   39.275083] cloud-init[937]: SHA256:22UmgTlL+QKK25MTz3ESmy7TM2dwydpuqGaPuBtaOqU root@ubuntu-xenial
[   39.292125] cloud-init[937]: The key's randomart image is:
[   39.309765] cloud-init[937]: +---[RSA 2048]----+
[   39.322687] cloud-init[937]: |                 |
[   39.339814] cloud-init[937]: |         +       |
[   39.353543] cloud-init[937]: |      o * .      |
[[0;32m  OK  [0m] Started Initial cloud-init job (metadata service crawler).
[[0;32m  OK  [0m] Reached target System Initialization.
[   39.366785] cloud-init[937]: |   . . B = .     |
[   39.399880] cloud-init[937]: |  . o * S o +    |
[[0;32m  OK  [0m] Started ACPI Events Check.
[[0;32m  OK  [0m] Reached target Paths.
[[0;32m  OK  [0m] Started Daily apt download activities.
[[0;32m  OK  [0m] Started Daily apt upgrade and clean activities.
[[0;32m  OK  [0m] Started Daily Cleanup of Temporary Directories.
[[0;32m  OK  [0m] Listening on ACPID Listen Socket.
[   39.421445] cloud-init[937]: |  .o B O + =     |
[   39.483026] cloud-init[937]: | o+ B O.= .      |
[   39.486518] cloud-init[937]: |E+ oo*.*.        |
[   39.486700] cloud-init[937]: |o.+=oo...        |
         Starting LXD - unix socket.
[[0;32m  OK  [0m] Listening on D-Bus System Message Bus Socket.
[   39.491052] cloud-init[937]: +----[SHA256]-----+
         Starting Socket activation for snappy daemon.
[[0;32m  OK  [0m] Listening on UUID daemon activation socket.
[[0;32m  OK  [0m] Started Message of the Day.
[   39.524098] cloud-init[937]: Generating public/private dsa key pair.
[   39.545913] cloud-init[937]: Your identification has been saved in /etc/ssh/ssh_host_dsa_key.
[   39.546869] cloud-init[937]: Your public key has been saved in /etc/ssh/ssh_host_dsa_key.pub.
[[0;32m  OK  [0m] Reached target Timers.
[[0;32m  OK  [0m] Reached target Network is Online.
[   39.547941] cloud-init[937]: The key fingerprint is:
[   39.590970] cloud-init[937]: SHA256:v9XYe2ufwtHmWdiO4dmx+VTkUGAU7/wcNgNun7JemJ4 root@ubuntu-xenial
         Starting iSCSI initiator daemon (iscsid)...
[[0;32m  OK  [0m] Reached target Cloud-config availability.
[   39.606860] cloud-init[937]: The key's randomart image is:
[   39.628740] cloud-init[937]: +---[DSA 1024]----+
[   39.631413] cloud-init[937]: |             .=o.|
[   39.631501] cloud-init[937]: |             . o |
[   39.634346] cloud-init[937]: |             .. o|
[   39.635180] cloud-init[937]: |            . .* |
[   39.636056] cloud-init[937]: |        S    o.B=|
[   39.638492] cloud-init[937]: |         .  .=B=X|
[   39.639555] cloud-init[937]: |          . +=*XX|
[   39.641684] cloud-init[937]: |           o.oOO=|
[   39.643001] cloud-init[937]: |          . .E++*|
[   39.645092] cloud-init[937]: +----[SHA256]-----+
[   39.646324] cloud-init[937]: Generating public/private ecdsa key pair.
[   39.647278] cloud-init[937]: Your identification has been saved in /etc/ssh/ssh_host_ecdsa_key.
[   39.649443] cloud-init[937]: Your public key has been saved in /etc/ssh/ssh_host_ecdsa_key.pub.
[   39.650463] cloud-init[937]: The key fingerprint is:
[   39.651406] cloud-init[937]: SHA256:0d+qkhCFdg5rYDn4icL7KgNR8kDduYf+oVGFly8cw2Y root@ubuntu-xenial
[   39.653624] cloud-init[937]: The key's randomart image is:
[   39.654556] cloud-init[937]: +---[ECDSA 256]---+
[   39.655536] cloud-init[937]: |........o .      |
[   39.657853] cloud-init[937]: |o o.=o+.oE       |
[   39.658818] cloud-init[937]: |.= + =o*B =      |
[   39.659956] cloud-init[937]: |o.o oo+o.+ o .   |
[   39.662094] cloud-init[937]: | o. ..o.S . . .  |
[   39.664080] cloud-init[937]: |..   o..     .   |
[   39.666158] cloud-init[937]: |. .   +...  .    |
[   39.667231] cloud-init[937]: |o  . . .o  .     |
[   39.669599] cloud-init[937]: |.o.      ..      |
[   39.670789] cloud-init[937]: +----[SHA256]-----+
[   39.671927] cloud-init[937]: Generating public/private ed25519 key pair.
[   39.675373] cloud-init[937]: Your identification has been saved in /etc/ssh/ssh_host_ed25519_key.
[   39.677994] cloud-init[937]: Your public key has been saved in /etc/ssh/ssh_host_ed25519_key.pub.
[   39.679196] cloud-init[937]: The key fingerprint is:
[   39.681924] cloud-init[937]: SHA256:+Vk1Y4DKpDL/OfdooZPCBoH6v0wi7jLlJwWuuMq3vXY root@ubuntu-xenial
[   39.683228] cloud-init[937]: The key's randomart image is:
[   39.685624] cloud-init[937]: +--[ED25519 256]--+
[   39.686870] cloud-init[937]: |           ..    |
[   39.687935] cloud-init[937]: |        . .  .   |
[   39.691462] cloud-init[937]: |   .   + .    =  |
[   39.695092] cloud-init[937]: |  o + . o.   o o |
[   39.696051] cloud-init[937]: | o . =  S   .    |
[   39.698556] cloud-init[937]: |. o o .  ..o     |
[   39.699753] cloud-init[937]: |o=...o . +o.     |
[   39.702336] cloud-init[937]: |B.+=o.+EB o.     |
[   39.705091] cloud-init[937]: |**.=*=o. =...    |
[   39.706235] cloud-init[937]: +----[SHA256]-----+
[[0;32m  OK  [0m] Listening on LXD - unix socket.
[[0;32m  OK  [0m] Listening on Socket activation for snappy daemon.
[[0;32m  OK  [0m] Reached target Sockets.
[[0;32m  OK  [0m] Reached target Basic System.
[[0;32m  OK  [0m] Started D-Bus System Message Bus.
         Starting Login Service...
[[0;32m  OK  [0m] Started Regular background program processing daemon.
         Starting LSB: Record successful boot for GRUB...
[[0;32m  OK  [0m] Started ACPI event daemon.
         Starting Virtualbox guest utils...
         Starting Pollinate to seed the pseudo random number generator...
         Starting Snappy daemon...
         Starting /etc/rc.local Compatibility...
         Starting System Logging Service...
[[0;32m  OK  [0m] Started Deferred execution scheduler.
         Starting LSB: MD monitoring daemon...
         Starting LXD - container startup/shutdown...
         Starting Accounts Service...
[[0;32m  OK  [0m] Started FUSE filesystem for LXC.
[[0;32m  OK  [0m] Started /etc/rc.local Compatibility.
[[0;32m  OK  [0m] Started Login Service.
[[0;32m  OK  [0m] Started Unattended Upgrades Shutdown.
[[0;32m  OK  [0m] Started iSCSI initiator daemon (iscsid).
         Starting Login to default iSCSI targets...
[[0;32m  OK  [0m] Started LSB: Record successful boot for GRUB.
[[0;32m  OK  [0m] Started System Logging Service.
[[0;32m  OK  [0m] Started LSB: MD monitoring daemon.
[[0;32m  OK  [0m] Started Login to default iSCSI targets.
[[0;32m  OK  [0m] Reached target Remote File Systems (Pre).
[[0;32m  OK  [0m] Reached target Remote File Systems.
         Starting LSB: automatic crash report generation...
         Starting Permit User Sessions...
         Starting LSB: Set the CPU Frequency Scaling governor to "ondemand"...
         Starting LSB: daemon to balance interrupts for SMP systems...
[[0;32m  OK  [0m] Started Permit User Sessions.
         Starting Terminate Plymouth Boot Screen...
         Starting Hold until boot process finishes up...
[[0;32m  OK  [0m] Started Hold until boot process finishes up.
[[0;32m  OK  [0m] Started Terminate Plymouth Boot Screen.
         Starting Set console scheme...
[[0;32m  OK  [0m] Started Getty on tty1.
[[0;32m  OK  [0m] Started Serial Getty on ttyS0.
[[0;32m  OK  [0m] Reached target Login Prompts.
[[0;32m  OK  [0m] Started Set console scheme.
[[0;32m  OK  [0m] Started LSB: Set the CPU Frequency Scaling governor to "ondemand".
         Starting Authenticate and Authorize Users to Run Privileged Tasks...
[[0;32m  OK  [0m] Started LSB: daemon to balance interrupts for SMP systems.
[[0;32m  OK  [0m] Started LSB: automatic crash report generation.
[[0;32m  OK  [0m] Started Virtualbox guest utils.
[[0;32m  OK  [0m] Started Authenticate and Authorize Users to Run Privileged Tasks.
[[0;32m  OK  [0m] Started Accounts Service.
[[0;32m  OK  [0m] Started LXD - container startup/shutdown.
[[0;32m  OK  [0m] Started Pollinate to seed the pseudo random number generator.
         Starting OpenBSD Secure Shell server...
[[0;32m  OK  [0m] Started OpenBSD Secure Shell server.
[[0;32m  OK  [0m] Started Snappy daemon.
         Starting Wait until snapd is fully seeded...
[[0;32m  OK  [0m] Created slice User Slice of vagrant.
         Starting User Manager for UID 1000...
[[0;32m  OK  [0m] Started Session 1 of user vagrant.

Ubuntu 16.04.6 LTS ubuntu-xenial ttyS0

ubuntu-xenial login: [   54.448120] cloud-init[1397]: Generating locales (this might take a while)...
[   58.227625] cloud-init[1397]:   en_US.UTF-8... done
[   58.246484] cloud-init[1397]: Generation complete.
[   59.648928] cloud-init[1397]: Cloud-init v. 19.4-33-gbb4131a2-0ubuntu1~16.04.1 running 'modules:config' at Sun, 19 Apr 2020 18:45:17 +0000. Up 53.88 seconds.
ci-info: no authorized SSH keys fingerprints found for user ubuntu.
<14>Apr 19 18:45:24 ec2: 
<14>Apr 19 18:45:24 ec2: #############################################################
<14>Apr 19 18:45:24 ec2: -----BEGIN SSH HOST KEY FINGERPRINTS-----
<14>Apr 19 18:45:24 ec2: 1024 SHA256:v9XYe2ufwtHmWdiO4dmx+VTkUGAU7/wcNgNun7JemJ4 root@ubuntu-xenial (DSA)
<14>Apr 19 18:45:24 ec2: 256 SHA256:0d+qkhCFdg5rYDn4icL7KgNR8kDduYf+oVGFly8cw2Y root@ubuntu-xenial (ECDSA)
<14>Apr 19 18:45:24 ec2: 256 SHA256:+Vk1Y4DKpDL/OfdooZPCBoH6v0wi7jLlJwWuuMq3vXY root@ubuntu-xenial (ED25519)
<14>Apr 19 18:45:24 ec2: 2048 SHA256:22UmgTlL+QKK25MTz3ESmy7TM2dwydpuqGaPuBtaOqU root@ubuntu-xenial (RSA)
<14>Apr 19 18:45:24 ec2: -----END SSH HOST KEY FINGERPRINTS-----
<14>Apr 19 18:45:24 ec2: #############################################################
-----BEGIN SSH HOST KEY KEYS-----
ecdsa-sha2-nistp256 AAAAE2VjZHNhLXNoYTItbmlzdHAyNTYAAAAIbmlzdHAyNTYAAABBBCO0hBavwbk3Ho5M7cqfq3txQ8vt9HeGKAx4Imjs/3VWmK1db+657FXEx5hP+av/bhDJTGhjcRzuLq+4ZqSCtns= root@ubuntu-xenial
ssh-ed25519 AAAAC3NzaC1lZDI1NTE5AAAAIOTnC2moCG9j/c2CUbfOKZ11Q6NkhyAhAJoXpVwPsG+w root@ubuntu-xenial
ssh-rsa AAAAB3NzaC1yc2EAAAADAQABAAABAQDWtyG+NHJtSi76SWiwyZ1kD5ta/ZvG4AiGvV7QMRKmF/zWnIt5id3Greo3oVFZ6p5Knd7j3UIY8qn7SC1D2n3RJtVtyb0jQqDGsecJlP3XeSfrdCOWoY2VPZ2FClYsI3mRcEOhg6egpxyW9iwPyBogGMCyJz3x8DmkU/2UdStEZn0U7msmNp8xgCPTVquE2w/Uzg5LmdJel218LAZUP+/WG573OCiBIh3Z1osaJgJChow+0X8d9aFj79YjjAVMabrBNdwdlVu0EB2jtJA8r598IAa1uTkQhHyrhp++IVL/hYAP/6cYBw1hcT2GesAr4U4xMBqS+d0KLyO1hVRCwMs9 root@ubuntu-xenial
-----END SSH HOST KEY KEYS-----
[   61.366282] cloud-init[1627]: Cloud-init v. 19.4-33-gbb4131a2-0ubuntu1~16.04.1 running 'modules:final' at Sun, 19 Apr 2020 18:45:24 +0000. Up 60.66 seconds.
[   61.366837] cloud-init[1627]: ci-info: no authorized SSH keys fingerprints found for user ubuntu.
[   61.369431] cloud-init[1627]: Cloud-init v. 19.4-33-gbb4131a2-0ubuntu1~16.04.1 finished at Sun, 19 Apr 2020 18:45:24 +0000. Datasource DataSourceNoCloud [seed=/dev/sdb][dsmode=net].  Up 61.21 seconds
