[    0.000000] Linux version 4.15.0-96-generic (buildd@lgw01-amd64-004) (gcc version 7.5.0 (Ubuntu 7.5.0-3ubuntu1~18.04)) #97-Ubuntu SMP Wed Apr 1 03:25:46 UTC 2020 (Ubuntu 4.15.0-96.97-generic 4.15.18)
[    0.000000] Command line: BOOT_IMAGE=/boot/vmlinuz-4.15.0-96-generic root=LABEL=cloudimg-rootfs ro console=tty1 console=ttyS0
[    0.000000] KERNEL supported cpus:
[    0.000000]   Intel GenuineIntel
[    0.000000]   AMD AuthenticAMD
[    0.000000]   Centaur CentaurHauls
[    0.000000] x86/fpu: x87 FPU will use FXSAVE
[    0.000000] e820: BIOS-provided physical RAM map:
[    0.000000] BIOS-e820: [mem 0x0000000000000000-0x000000000009fbff] usable
[    0.000000] BIOS-e820: [mem 0x000000000009fc00-0x000000000009ffff] reserved
[    0.000000] BIOS-e820: [mem 0x00000000000f0000-0x00000000000fffff] reserved
[    0.000000] BIOS-e820: [mem 0x0000000000100000-0x000000003ffeffff] usable
[    0.000000] BIOS-e820: [mem 0x000000003fff0000-0x000000003fffffff] ACPI data
[    0.000000] BIOS-e820: [mem 0x00000000fec00000-0x00000000fec00fff] reserved
[    0.000000] BIOS-e820: [mem 0x00000000fee00000-0x00000000fee00fff] reserved
[    0.000000] BIOS-e820: [mem 0x00000000fffc0000-0x00000000ffffffff] reserved
[    0.000000] NX (Execute Disable) protection: active
[    0.000000] SMBIOS 2.5 present.
[    0.000000] DMI: innotek GmbH VirtualBox/VirtualBox, BIOS VirtualBox 12/01/2006
[    0.000000] Hypervisor detected: KVM
[    0.000000] e820: last_pfn = 0x3fff0 max_arch_pfn = 0x400000000
[    0.000000] MTRR: Disabled
[    0.000000] x86/PAT: MTRRs disabled, skipping PAT initialization too.
[    0.000000] CPU MTRRs all blank - virtualized system.
[    0.000000] x86/PAT: Configuration [0-7]: WB  WT  UC- UC  WB  WT  UC- UC  
[    0.000000] found SMP MP-table at [mem 0x0009fff0-0x0009ffff]
[    0.000000] Scanning 1 areas for low memory corruption
[    0.000000] RAMDISK: [mem 0x35a6f000-0x36d2efff]
[    0.000000] ACPI: Early table checksum verification disabled
[    0.000000] ACPI: RSDP 0x00000000000E0000 000024 (v02 VBOX  )
[    0.000000] ACPI: XSDT 0x000000003FFF0030 00003C (v01 VBOX   VBOXXSDT 00000001 ASL  00000061)
[    0.000000] ACPI: FACP 0x000000003FFF00F0 0000F4 (v04 VBOX   VBOXFACP 00000001 ASL  00000061)
[    0.000000] ACPI: DSDT 0x000000003FFF0470 002325 (v02 VBOX   VBOXBIOS 00000002 INTL 20100528)
[    0.000000] ACPI: FACS 0x000000003FFF0200 000040
[    0.000000] ACPI: FACS 0x000000003FFF0200 000040
[    0.000000] ACPI: APIC 0x000000003FFF0240 00005C (v02 VBOX   VBOXAPIC 00000001 ASL  00000061)
[    0.000000] ACPI: SSDT 0x000000003FFF02A0 0001CC (v01 VBOX   VBOXCPUT 00000002 INTL 20100528)
[    0.000000] No NUMA configuration found
[    0.000000] Faking a node at [mem 0x0000000000000000-0x000000003ffeffff]
[    0.000000] NODE_DATA(0) allocated [mem 0x3ffc5000-0x3ffeffff]
[    0.000000] kvm-clock: cpu 0, msr 0:3ff44001, primary cpu clock
[    0.000000] kvm-clock: Using msrs 4b564d01 and 4b564d00
[    0.000000] kvm-clock: using sched offset of 5966724420 cycles
[    0.000000] clocksource: kvm-clock: mask: 0xffffffffffffffff max_cycles: 0x1cd42e4dffb, max_idle_ns: 881590591483 ns
[    0.000000] Zone ranges:
[    0.000000]   DMA      [mem 0x0000000000001000-0x0000000000ffffff]
[    0.000000]   DMA32    [mem 0x0000000001000000-0x000000003ffeffff]
[    0.000000]   Normal   empty
[    0.000000]   Device   empty
[    0.000000] Movable zone start for each node
[    0.000000] Early memory node ranges
[    0.000000]   node   0: [mem 0x0000000000001000-0x000000000009efff]
[    0.000000]   node   0: [mem 0x0000000000100000-0x000000003ffeffff]
[    0.000000] Reserved but unavailable: 98 pages
[    0.000000] Initmem setup node 0 [mem 0x0000000000001000-0x000000003ffeffff]
[    0.000000] ACPI: PM-Timer IO Port: 0x4008
[    0.000000] IOAPIC[0]: apic_id 2, version 32, address 0xfec00000, GSI 0-23
[    0.000000] ACPI: INT_SRC_OVR (bus 0 bus_irq 0 global_irq 2 dfl dfl)
[    0.000000] ACPI: INT_SRC_OVR (bus 0 bus_irq 9 global_irq 9 low level)
[    0.000000] Using ACPI (MADT) for SMP configuration information
[    0.000000] smpboot: Allowing 2 CPUs, 0 hotplug CPUs
[    0.000000] PM: Registered nosave memory: [mem 0x00000000-0x00000fff]
[    0.000000] PM: Registered nosave memory: [mem 0x0009f000-0x0009ffff]
[    0.000000] PM: Registered nosave memory: [mem 0x000a0000-0x000effff]
[    0.000000] PM: Registered nosave memory: [mem 0x000f0000-0x000fffff]
[    0.000000] e820: [mem 0x40000000-0xfebfffff] available for PCI devices
[    0.000000] Booting paravirtualized kernel on KVM
[    0.000000] clocksource: refined-jiffies: mask: 0xffffffff max_cycles: 0xffffffff, max_idle_ns: 7645519600211568 ns
[    0.000000] random: get_random_bytes called from start_kernel+0x99/0x4fd with crng_init=0
[    0.000000] setup_percpu: NR_CPUS:8192 nr_cpumask_bits:2 nr_cpu_ids:2 nr_node_ids:1
[    0.000000] percpu: Embedded 45 pages/cpu s147456 r8192 d28672 u1048576
[    0.000000] PV qspinlock hash table entries: 256 (order: 0, 4096 bytes)
[    0.000000] Built 1 zonelists, mobility grouping on.  Total pages: 257913
[    0.000000] Policy zone: DMA32
[    0.000000] Kernel command line: BOOT_IMAGE=/boot/vmlinuz-4.15.0-96-generic root=LABEL=cloudimg-rootfs ro console=tty1 console=ttyS0
[    0.000000] Memory: 983068K/1048120K available (12300K kernel code, 2481K rwdata, 4264K rodata, 2432K init, 2712K bss, 65052K reserved, 0K cma-reserved)
[    0.000000] SLUB: HWalign=64, Order=0-3, MinObjects=0, CPUs=2, Nodes=1
[    0.000000] Kernel/User page tables isolation: enabled
[    0.000000] ftrace: allocating 39351 entries in 154 pages
[    0.004000] Hierarchical RCU implementation.
[    0.004000] 	RCU restricting CPUs from NR_CPUS=8192 to nr_cpu_ids=2.
[    0.004000] 	Tasks RCU enabled.
[    0.004000] RCU: Adjusting geometry for rcu_fanout_leaf=16, nr_cpu_ids=2
[    0.004000] NR_IRQS: 524544, nr_irqs: 440, preallocated irqs: 16
[    0.004000] Console: colour VGA+ 80x25
[    0.004000] console [tty1] enabled
[    0.004000] console [ttyS0] enabled
[    0.004000] ACPI: Core revision 20170831
[    0.004000] ACPI: 2 ACPI AML tables successfully acquired and loaded
[    0.004000] APIC: Switch to symmetric I/O mode setup
[    0.004000] ..TIMER: vector=0x30 apic1=0 pin1=2 apic2=-1 pin2=-1
[    0.004000] tsc: Detected 2807.998 MHz processor
[    0.004000] Calibrating delay loop (skipped) preset value.. 5615.99 BogoMIPS (lpj=11231992)
[    0.004000] pid_max: default: 32768 minimum: 301
[    0.004000] Security Framework initialized
[    0.004000] Yama: becoming mindful.
[    0.004112] AppArmor: AppArmor initialized
[    0.021080] Dentry cache hash table entries: 131072 (order: 8, 1048576 bytes)
[    0.029516] Inode-cache hash table entries: 65536 (order: 7, 524288 bytes)
[    0.032101] Mount-cache hash table entries: 2048 (order: 2, 16384 bytes)
[    0.036085] Mountpoint-cache hash table entries: 2048 (order: 2, 16384 bytes)
[    0.041517] Last level iTLB entries: 4KB 64, 2MB 8, 4MB 8
[    0.044006] Last level dTLB entries: 4KB 64, 2MB 0, 4MB 0, 1GB 4
[    0.048006] Spectre V1 : Mitigation: usercopy/swapgs barriers and __user pointer sanitization
[    0.052004] Spectre V2 : Mitigation: Full generic retpoline
[    0.056003] Spectre V2 : Spectre v2 / SpectreRSB mitigation: Filling RSB on context switch
[    0.060003] Speculative Store Bypass: Vulnerable
[    0.064050] MDS: Vulnerable: Clear CPU buffers attempted, no microcode
[    0.068178] Freeing SMP alternatives memory: 36K
[    0.190517] smpboot: CPU0: Intel(R) Core(TM) i7-7700HQ CPU @ 2.80GHz (family: 0x6, model: 0x9e, stepping: 0x9)
[    0.192521] Performance Events: unsupported p6 CPU model 158 no PMU driver, software events only.
[    0.196133] Hierarchical SRCU implementation.
[    0.200989] NMI watchdog: Perf event create on CPU 0 failed with -2
[    0.204003] NMI watchdog: Perf NMI watchdog permanently disabled
[    0.212009] smp: Bringing up secondary CPUs ...
[    0.216701] x86: Booting SMP configuration:
[    0.220003] .... node  #0, CPUs:      #1
[    0.004000] kvm-clock: cpu 1, msr 0:3ff44041, secondary cpu clock
[    0.230090] TSC synchronization [CPU#0 -> CPU#1]:
[    0.232000] Measured 49942 cycles TSC warp between CPUs, turning off TSC clock.
[    0.232000] tsc: Marking TSC unstable due to check_tsc_sync_source failed
[    0.232322] smp: Brought up 1 node, 2 CPUs
[    0.236006] smpboot: Max logical packages: 1
[    0.240004] smpboot: Total of 2 processors activated (11231.99 BogoMIPS)
[    0.248380] devtmpfs: initialized
[    0.252128] x86/mm: Memory block size: 128MB
[    0.256508] evm: security.selinux
[    0.260003] evm: security.SMACK64
[    0.264003] evm: security.SMACK64EXEC
[    0.267407] evm: security.SMACK64TRANSMUTE
[    0.268003] evm: security.SMACK64MMAP
[    0.271097] evm: security.apparmor
[    0.272003] evm: security.ima
[    0.276003] evm: security.capability
[    0.280584] clocksource: jiffies: mask: 0xffffffff max_cycles: 0xffffffff, max_idle_ns: 7645041785100000 ns
[    0.284141] futex hash table entries: 512 (order: 3, 32768 bytes)
[    0.288523] pinctrl core: initialized pinctrl subsystem
[    0.292511] RTC time: 10:59:28, date: 04/20/20
[    0.297486] NET: Registered protocol family 16
[    0.300172] audit: initializing netlink subsys (disabled)
[    0.308203] audit: type=2000 audit(1587380375.955:1): state=initialized audit_enabled=0 res=1
[    0.320149] cpuidle: using governor ladder
[    0.323646] cpuidle: using governor menu
[    0.324051] ACPI: bus type PCI registered
[    0.328004] acpiphp: ACPI Hot Plug PCI Controller Driver version: 0.5
[    0.332575] PCI: Using configuration type 1 for base access
[    0.344475] HugeTLB registered 2.00 MiB page size, pre-allocated 0 pages
[    0.352701] ACPI: Added _OSI(Module Device)
[    0.356014] ACPI: Added _OSI(Processor Device)
[    0.360003] ACPI: Added _OSI(3.0 _SCP Extensions)
[    0.364004] ACPI: Added _OSI(Processor Aggregator Device)
[    0.368004] ACPI: Added _OSI(Linux-Dell-Video)
[    0.372004] ACPI: Added _OSI(Linux-Lenovo-NV-HDMI-Audio)
[    0.376004] ACPI: Added _OSI(Linux-HPI-Hybrid-Graphics)
[    0.380830] ACPI: Executed 1 blocks of module-level executable AML code
[    0.390150] ACPI: Interpreter enabled
[    0.392016] ACPI: (supports S0 S5)
[    0.396003] ACPI: Using IOAPIC for interrupt routing
[    0.400428] PCI: Using host bridge windows from ACPI; if necessary, use "pci=nocrs" and report a bug
[    0.404249] ACPI: Enabled 2 GPEs in block 00 to 07
[    0.421590] ACPI: PCI Root Bridge [PCI0] (domain 0000 [bus 00-ff])
[    0.424016] acpi PNP0A03:00: _OSC: OS supports [ASPM ClockPM Segments MSI]
[    0.428889] acpi PNP0A03:00: _OSC: not requesting OS control; OS requires [ExtendedConfig ASPM ClockPM MSI]
[    0.432015] acpi PNP0A03:00: fail to add MMCONFIG information, can't access extended PCI configuration space under this bridge.
[    0.436685] PCI host bridge to bus 0000:00
[    0.440005] pci_bus 0000:00: root bus resource [io  0x0000-0x0cf7 window]
[    0.444005] pci_bus 0000:00: root bus resource [io  0x0d00-0xffff window]
[    0.448005] pci_bus 0000:00: root bus resource [mem 0x000a0000-0x000bffff window]
[    0.452005] pci_bus 0000:00: root bus resource [mem 0x40000000-0xfdffffff window]
[    0.460010] pci_bus 0000:00: root bus resource [bus 00-ff]
[    0.469962] pci 0000:00:01.1: legacy IDE quirk: reg 0x10: [io  0x01f0-0x01f7]
[    0.472011] pci 0000:00:01.1: legacy IDE quirk: reg 0x14: [io  0x03f6]
[    0.476008] pci 0000:00:01.1: legacy IDE quirk: reg 0x18: [io  0x0170-0x0177]
[    0.480006] pci 0000:00:01.1: legacy IDE quirk: reg 0x1c: [io  0x0376]
[    0.540148] pci 0000:00:07.0: quirk: [io  0x4000-0x403f] claimed by PIIX4 ACPI
[    0.544029] pci 0000:00:07.0: quirk: [io  0x4100-0x410f] claimed by PIIX4 SMB
[    0.556671] ACPI: PCI Interrupt Link [LNKA] (IRQs 5 9 10 *11)
[    0.560581] ACPI: PCI Interrupt Link [LNKB] (IRQs 5 9 *10 11)
[    0.568209] ACPI: PCI Interrupt Link [LNKC] (IRQs 5 *9 10 11)
[    0.572217] ACPI: PCI Interrupt Link [LNKD] (IRQs 5 9 10 *11)
[    0.580640] SCSI subsystem initialized
[    0.588445] pci 0000:00:02.0: vgaarb: setting as boot VGA device
[    0.592000] pci 0000:00:02.0: vgaarb: VGA device added: decodes=io+mem,owns=io+mem,locks=none
[    0.592007] pci 0000:00:02.0: vgaarb: bridge control possible
[    0.596003] vgaarb: loaded
[    0.604047] ACPI: bus type USB registered
[    0.608022] usbcore: registered new interface driver usbfs
[    0.612039] usbcore: registered new interface driver hub
[    0.620145] usbcore: registered new device driver usb
[    0.628146] EDAC MC: Ver: 3.0.0
[    0.632495] PCI: Using ACPI for IRQ routing
[    0.636622] NetLabel: Initializing
[    0.640004] NetLabel:  domain hash size = 128
[    0.644003] NetLabel:  protocols = UNLABELED CIPSOv4 CALIPSO
[    0.648028] NetLabel:  unlabeled traffic allowed by default
[    0.656248] clocksource: Switched to clocksource kvm-clock
[    0.726093] VFS: Disk quotas dquot_6.6.0
[    0.729545] VFS: Dquot-cache hash table entries: 512 (order 0, 4096 bytes)
[    0.729794] AppArmor: AppArmor Filesystem Enabled
[    0.729794] pnp: PnP ACPI init
[    0.729794] pnp: PnP ACPI: found 3 devices
[    0.800284] clocksource: acpi_pm: mask: 0xffffff max_cycles: 0xffffff, max_idle_ns: 2085701024 ns
[    0.804221] NET: Registered protocol family 2
[    0.812664] TCP established hash table entries: 8192 (order: 4, 65536 bytes)
[    0.823884] TCP bind hash table entries: 8192 (order: 5, 131072 bytes)
[    0.831385] TCP: Hash tables configured (established 8192 bind 8192)
[    0.834745] UDP hash table entries: 512 (order: 2, 16384 bytes)
[    0.834745] UDP-Lite hash table entries: 512 (order: 2, 16384 bytes)
[    0.834745] NET: Registered protocol family 1
[    0.834745] pci 0000:00:00.0: Limiting direct PCI/PCI transfers
[    0.834745] pci 0000:00:01.0: Activating ISA DMA hang workarounds
[    0.834745] pci 0000:00:02.0: Video device with shadowed ROM at [mem 0x000c0000-0x000dffff]
[    0.834745] Unpacking initramfs...
[    1.619943] Freeing initrd memory: 19200K
[    1.625262] clocksource: tsc: mask: 0xffffffffffffffff max_cycles: 0x2879c456dd4, max_idle_ns: 440795285767 ns
[    1.636159] platform rtc_cmos: registered platform RTC device (no PNP device found)
[    1.644800] Scanning for low memory corruption every 60 seconds
[    1.652958] Initialise system trusted keyrings
[    1.657405] Key type blacklist registered
[    1.661853] workingset: timestamp_bits=36 max_order=18 bucket_order=0
[    1.671604] zbud: loaded
[    1.677298] squashfs: version 4.0 (2009/01/31) Phillip Lougher
[    1.684969] fuse init (API version 7.26)
[    1.728214] Key type asymmetric registered
[    1.731807] Asymmetric key parser 'x509' registered
[    1.737358] Block layer SCSI generic (bsg) driver version 0.4 loaded (major 246)
[    1.746856] io scheduler noop registered
[    1.750949] io scheduler deadline registered
[    1.755679] io scheduler cfq registered (default)
[    1.762185] ACPI: AC Adapter [AC] (off-line)
[    1.766332] input: Power Button as /devices/LNXSYSTM:00/LNXPWRBN:00/input/input0
[    1.779415] ACPI: Power Button [PWRF]
[    1.784759] input: Sleep Button as /devices/LNXSYSTM:00/LNXSLPBN:00/input/input1
[    1.792387] ACPI: Sleep Button [SLPF]
[    1.797813] Serial: 8250/16550 driver, 32 ports, IRQ sharing enabled
[    1.799158] ACPI: Battery Slot [BAT0] (battery present)
[    1.835051] 00:02: ttyS0 at I/O 0x3f8 (irq = 4, base_baud = 115200) is a 16550A
[    1.848767] Linux agpgart interface v0.103
[    1.860237] loop: module loaded
[    1.867759] scsi host0: ata_piix
[    1.872684] scsi host1: ata_piix
[    1.876835] ata1: PATA max UDMA/33 cmd 0x1f0 ctl 0x3f6 bmdma 0xd000 irq 14
[    1.883434] ata2: PATA max UDMA/33 cmd 0x170 ctl 0x376 bmdma 0xd008 irq 15
[    1.890943] libphy: Fixed MDIO Bus: probed
[    1.896702] tun: Universal TUN/TAP device driver, 1.6
[    1.902228] PPP generic driver version 2.4.2
[    1.906695] ehci_hcd: USB 2.0 'Enhanced' Host Controller (EHCI) Driver
[    1.913165] ehci-pci: EHCI PCI platform driver
[    1.917028] ehci-platform: EHCI generic platform driver
[    1.921627] ohci_hcd: USB 1.1 'Open' Host Controller (OHCI) Driver
[    1.927811] ohci-pci: OHCI PCI platform driver
[    1.933630] ohci-platform: OHCI generic platform driver
[    1.939906] uhci_hcd: USB Universal Host Controller Interface driver
[    1.947227] i8042: PNP: PS/2 Controller [PNP0303:PS2K,PNP0f03:PS2M] at 0x60,0x64 irq 1,12
[    1.958586] serio: i8042 KBD port at 0x60,0x64 irq 1
[    1.963029] serio: i8042 AUX port at 0x60,0x64 irq 12
[    1.967938] mousedev: PS/2 mouse device common for all mice
[    1.976616] rtc_cmos rtc_cmos: rtc core: registered rtc_cmos as rtc0
[    1.984771] rtc_cmos rtc_cmos: alarms up to one day, 114 bytes nvram
[    1.992311] i2c /dev entries driver
[    1.997721] device-mapper: uevent: version 1.0.3
[    2.002856] input: AT Translated Set 2 keyboard as /devices/platform/i8042/serio0/input/input2
[    2.011705] device-mapper: ioctl: 4.37.0-ioctl (2017-09-20) initialised: dm-devel@redhat.com
[    2.021539] ledtrig-cpu: registered to indicate activity on CPUs
[    2.028522] NET: Registered protocol family 10
[    2.044241] Segment Routing with IPv6
[    2.047448] NET: Registered protocol family 17
[    2.052536] Key type dns_resolver registered
[    2.057254] mce: Using 0 MCE banks
[    2.068311] RAS: Correctable Errors collector initialized.
[    2.074249] sched_clock: Marking stable (2074114643, 0)->(2953218363, -879103720)
[    2.126848] registered taskstats version 1
[    2.131525] Loading compiled-in X.509 certificates
[    2.142184] Loaded X.509 cert 'Build time autogenerated kernel key: 244b473b43e18b01f00e37a87f2ecd28620f0244'
[    2.151742] zswap: loaded using pool lzo/zbud
[    2.167391] Key type big_key registered
[    2.171660] Key type trusted registered
[    2.179715] Key type encrypted registered
[    2.184423] AppArmor: AppArmor sha1 policy hashing enabled
[    2.189279] ima: No TPM chip found, activating TPM-bypass! (rc=-19)
[    2.194751] ima: Allocated hash algorithm: sha1
[    2.199135] evm: HMAC attrs: 0x1
[    2.203066]   Magic number: 0:991:982
[    2.207543] rtc_cmos rtc_cmos: setting system clock to 2020-04-20 10:59:31 UTC (1587380371)
[    2.217021] BIOS EDD facility v0.16 2004-Jun-25, 0 devices found
[    2.222527] EDD information not available.
[    2.230702] Freeing unused kernel image memory: 2432K
[    2.267142] Write protecting the kernel read-only data: 20480k
[    2.275319] Freeing unused kernel image memory: 2008K
[    2.281390] Freeing unused kernel image memory: 1880K
[    2.293491] x86/mm: Checked W+X mappings: passed, no W+X pages found.
[    2.300722] x86/mm: Checking user space page tables
[    2.313031] x86/mm: Checked W+X mappings: passed, no W+X pages found.
Loading, please wait...
starting version 237
[    2.418132] Fusion MPT base driver 3.04.20
[    2.422269] Copyright (c) 1999-2008 LSI Corporation
[    2.430232] e1000: Intel(R) PRO/1000 Network Driver - version 7.3.21-k8-NAPI
[    2.440302] e1000: Copyright (c) 1999-2006 Intel Corporation.
[    2.496976] Fusion MPT SPI Host driver 3.04.20
[    3.105151] input: ImExPS/2 Generic Explorer Mouse as /devices/platform/i8042/serio1/input/input4
[    3.278559] e1000 0000:00:03.0 eth0: (PCI:33MHz:32-bit) 02:cf:14:98:e9:22
[    3.285074] e1000 0000:00:03.0 eth0: Intel(R) PRO/1000 Network Connection
[    3.295896] e1000 0000:00:03.0 enp0s3: renamed from eth0
[    3.302278] mptbase: ioc0: Initiating bringup
[    3.422760] ioc0: LSI53C1030 A0: Capabilities={Initiator}
[    3.681882] scsi host2: ioc0: LSI53C1030 A0, FwRev=00000000h, Ports=1, MaxQ=256, IRQ=20
[    3.857767] scsi 2:0:0:0: Direct-Access     VBOX     HARDDISK         1.0  PQ: 0 ANSI: 5
[    3.896661] scsi target2:0:0: Beginning Domain Validation
[    3.910434] scsi target2:0:0: Domain Validation skipping write tests
[    3.916288] scsi target2:0:0: Ending Domain Validation
[    3.921257] scsi target2:0:0: asynchronous
[    3.928115] scsi 2:0:1:0: Direct-Access     VBOX     HARDDISK         1.0  PQ: 0 ANSI: 5
[    3.964204] scsi target2:0:1: Beginning Domain Validation
[    3.970508] random: fast init done
[    3.980964] scsi target2:0:1: Domain Validation skipping write tests
[    3.986785] scsi target2:0:1: Ending Domain Validation
[    3.992641] scsi target2:0:1: asynchronous
[    4.012872] random: systemd-udevd: uninitialized urandom read (16 bytes read)
[    4.021149] random: systemd-udevd: uninitialized urandom read (16 bytes read)
[    4.021305] sd 2:0:0:0: Attached scsi generic sg0 type 0
[    4.031031] random: systemd-udevd: uninitialized urandom read (16 bytes read)
[    4.046855] sd 2:0:0:0: [sda] 20971520 512-byte logical blocks: (10.7 GB/10.0 GiB)
[    4.056349] sd 2:0:1:0: Attached scsi generic sg1 type 0
[    4.057160] sd 2:0:0:0: [sda] Write Protect is off
[    4.069445] sd 2:0:1:0: [sdb] 20480 512-byte logical blocks: (10.5 MB/10.0 MiB)
[    4.069533] sd 2:0:0:0: [sda] Incomplete mode parameter data
[    4.076335] sd 2:0:1:0: [sdb] Write Protect is off
[    4.082376] sd 2:0:0:0: [sda] Assuming drive cache: write through
[    4.094333] sd 2:0:1:0: [sdb] Incomplete mode parameter data
[    4.100478] sd 2:0:1:0: [sdb] Assuming drive cache: write through
[    4.116283]  sda: sda1
[    4.122889] sd 2:0:0:0: [sda] Attached SCSI disk
[    4.138726] sd 2:0:1:0: [sdb] Attached SCSI disk
Begin: Loading essential drivers ... 